<?xml version="1.0" encoding="UTF-8"?>
<!-- Generated by org.testng.reporters.JUnitXMLReporter -->
<testsuite ignored="0" hostname="reky-xd" failures="0" tests="8" name="Surefire test" time="0.057" errors="0" timestamp="2022-04-01T21:43:35 PET">
  <testcase classname="lab.ManageDemandTest" name="test_AllOrdersFromColombia" time="0.008"/>
  <testcase classname="lab.ManageDemandTest" name="test_AllOrdersFromPeru" time="0.0"/>
  <testcase classname="lab.ManageDemandTest" name="test_AllOrdersMixCompleto" time="0.0"/>
  <testcase classname="lab.ManageDemandTest" name="test_AllOrdersMixIncompleto" time="0.0"/>
  <testcase classname="lab.ManageDemandTest" name="test_AllOrdersVacio" time="0.0"/>
  <testcase classname="lab.TaxTest" name="test_TaxEmpty" time="0.0"/>
  <testcase classname="lab.TaxTest" name="test_TaxHappy" time="0.0"/>
  <testcase classname="lab.TaxTest" name="test_TaxMissing" time="0.0"/>
</testsuite> <!-- Surefire test -->
