<?xml version="1.0" encoding="UTF-8"?>
<testng-results ignored="0" total="8" passed="8" failed="0" skipped="0">
  <reporter-output>
  </reporter-output>
  <suite started-at="2022-04-01T21:51:44 PET" name="Surefire suite" finished-at="2022-04-01T21:51:44 PET" duration-ms="59">
    <groups>
    </groups>
    <test started-at="2022-04-01T21:51:44 PET" name="Surefire test" finished-at="2022-04-01T21:51:44 PET" duration-ms="59">
      <class name="lab.TaxTest">
        <test-method signature="test_TaxEmpty()[pri:0, instance:lab.TaxTest@53dad875]" started-at="2022-04-01T21:51:44 PET" name="test_TaxEmpty" finished-at="2022-04-01T21:51:44 PET" duration-ms="1" status="PASS">
          <reporter-output>
          </reporter-output>
        </test-method> <!-- test_TaxEmpty -->
        <test-method is-config="true" signature="setup()[pri:0, instance:lab.TaxTest@53dad875]" started-at="2022-04-01T21:51:44 PET" name="setup" finished-at="2022-04-01T21:51:44 PET" duration-ms="0" status="PASS">
          <reporter-output>
          </reporter-output>
        </test-method> <!-- setup -->
        <test-method signature="test_TaxHappy()[pri:0, instance:lab.TaxTest@53dad875]" started-at="2022-04-01T21:51:44 PET" name="test_TaxHappy" finished-at="2022-04-01T21:51:44 PET" duration-ms="0" status="PASS">
          <reporter-output>
          </reporter-output>
        </test-method> <!-- test_TaxHappy -->
        <test-method signature="test_TaxMissing()[pri:0, instance:lab.TaxTest@53dad875]" started-at="2022-04-01T21:51:44 PET" name="test_TaxMissing" finished-at="2022-04-01T21:51:44 PET" duration-ms="0" status="PASS">
          <reporter-output>
          </reporter-output>
        </test-method> <!-- test_TaxMissing -->
      </class> <!-- lab.TaxTest -->
      <class name="lab.ManageDemandTest">
        <test-method is-config="true" signature="setup()[pri:0, instance:lab.ManageDemandTest@22590e3e]" started-at="2022-04-01T21:51:44 PET" name="setup" finished-at="2022-04-01T21:51:44 PET" duration-ms="16" status="PASS">
          <reporter-output>
          </reporter-output>
        </test-method> <!-- setup -->
        <test-method signature="test_AllOrdersFromColombia()[pri:0, instance:lab.ManageDemandTest@22590e3e]" started-at="2022-04-01T21:51:44 PET" name="test_AllOrdersFromColombia" finished-at="2022-04-01T21:51:44 PET" duration-ms="8" status="PASS">
          <reporter-output>
          </reporter-output>
        </test-method> <!-- test_AllOrdersFromColombia -->
        <test-method signature="test_AllOrdersFromPeru()[pri:0, instance:lab.ManageDemandTest@22590e3e]" started-at="2022-04-01T21:51:44 PET" name="test_AllOrdersFromPeru" finished-at="2022-04-01T21:51:44 PET" duration-ms="0" status="PASS">
          <reporter-output>
          </reporter-output>
        </test-method> <!-- test_AllOrdersFromPeru -->
        <test-method signature="test_AllOrdersMixCompleto()[pri:0, instance:lab.ManageDemandTest@22590e3e]" started-at="2022-04-01T21:51:44 PET" name="test_AllOrdersMixCompleto" finished-at="2022-04-01T21:51:44 PET" duration-ms="1" status="PASS">
          <reporter-output>
          </reporter-output>
        </test-method> <!-- test_AllOrdersMixCompleto -->
        <test-method signature="test_AllOrdersMixIncompleto()[pri:0, instance:lab.ManageDemandTest@22590e3e]" started-at="2022-04-01T21:51:44 PET" name="test_AllOrdersMixIncompleto" finished-at="2022-04-01T21:51:44 PET" duration-ms="0" status="PASS">
          <reporter-output>
          </reporter-output>
        </test-method> <!-- test_AllOrdersMixIncompleto -->
        <test-method signature="test_AllOrdersVacio()[pri:0, instance:lab.ManageDemandTest@22590e3e]" started-at="2022-04-01T21:51:44 PET" name="test_AllOrdersVacio" finished-at="2022-04-01T21:51:44 PET" duration-ms="0" status="PASS">
          <reporter-output>
          </reporter-output>
        </test-method> <!-- test_AllOrdersVacio -->
      </class> <!-- lab.ManageDemandTest -->
    </test> <!-- Surefire test -->
  </suite> <!-- Surefire suite -->
</testng-results>
