<?xml version="1.0" encoding="UTF-8"?>
<testsuite xmlns:xsi="http://www.w3.org/2001/XMLSchema-instance" xsi:noNamespaceSchemaLocation="https://maven.apache.org/surefire/maven-surefire-plugin/xsd/surefire-test-report.xsd" name="TestSuite" time="0.449" tests="8" errors="0" skipped="0" failures="0">
  <properties>
[...]
</properties>
  <testcase name="test_AllOrdersFromColombia" classname="lab.ManageDemandTest" time="0.008"/>
  <testcase name="test_AllOrdersFromPeru" classname="lab.ManageDemandTest" time="0.007"/>
  <testcase name="test_AllOrdersMixCompleto" classname="lab.ManageDemandTest" time="0"/>
  <testcase name="test_AllOrdersMixIncompleto" classname="lab.ManageDemandTest" time="0"/>
  <testcase name="test_AllOrdersVacio" classname="lab.ManageDemandTest" time="0.001"/>
  <testcase name="test_TaxEmpty" classname="lab.TaxTest" time="0"/>
  <testcase name="test_TaxHappy" classname="lab.TaxTest" time="0.001"/>
  <testcase name="test_TaxMissing" classname="lab.TaxTest" time="0"/>
</testsuite>